0 info it worked if it ends with ok
1 verbose cli [ '/Users/Wesleu/.nvm/v0.10.33/bin/node',
1 verbose cli   '/Users/Wesleu/.nvm/v0.10.33/bin/npm',
1 verbose cli   'install',
1 verbose cli   'through2-map' ]
2 info using npm@1.4.28
3 info using node@v0.10.33
4 verbose cache add [ 'through2-map', null ]
5 verbose cache add name=undefined spec="through2-map" args=["through2-map",null]
6 verbose parsed url { protocol: null,
6 verbose parsed url   slashes: null,
6 verbose parsed url   auth: null,
6 verbose parsed url   host: null,
6 verbose parsed url   port: null,
6 verbose parsed url   hostname: null,
6 verbose parsed url   hash: null,
6 verbose parsed url   search: null,
6 verbose parsed url   query: null,
6 verbose parsed url   pathname: 'through2-map',
6 verbose parsed url   path: 'through2-map',
6 verbose parsed url   href: 'through2-map' }
7 silly lockFile c7179708-through2-map through2-map
8 verbose lock through2-map /Users/Wesleu/.npm/c7179708-through2-map.lock
9 silly lockFile c7179708-through2-map through2-map
10 silly lockFile c7179708-through2-map through2-map
11 verbose addNamed [ 'through2-map', '' ]
12 verbose addNamed [ null, '*' ]
13 silly lockFile 13533bc5-through2-map through2-map@
14 verbose lock through2-map@ /Users/Wesleu/.npm/13533bc5-through2-map.lock
15 silly addNameRange { name: 'through2-map', range: '*', hasData: false }
16 verbose request where is /through2-map
17 verbose request registry https://registry.npmjs.org/
18 verbose request id dc666ec731abe5c1
19 verbose url raw /through2-map
20 verbose url resolving [ 'https://registry.npmjs.org/', './through2-map' ]
21 verbose url resolved https://registry.npmjs.org/through2-map
22 verbose request where is https://registry.npmjs.org/through2-map
23 info trying registry request attempt 1 at 21:57:13
24 verbose etag "4OIV7AAWQHHR8MHCHJU8B10L1"
25 http GET https://registry.npmjs.org/through2-map
26 http 200 https://registry.npmjs.org/through2-map
27 silly registry.get cb [ 200,
27 silly registry.get   { server: 'CouchDB/1.5.0 (Erlang OTP/R16B03)',
27 silly registry.get     etag: '"72G20SJY2P1LMVBOD1HX88L1"',
27 silly registry.get     'content-type': 'application/json',
27 silly registry.get     'cache-control': 'max-age=60',
27 silly registry.get     'content-length': '13170',
27 silly registry.get     'accept-ranges': 'bytes',
27 silly registry.get     date: 'Tue, 04 Aug 2015 04:57:12 GMT',
27 silly registry.get     via: '1.1 varnish',
27 silly registry.get     age: '0',
27 silly registry.get     connection: 'keep-alive',
27 silly registry.get     'x-served-by': 'cache-lax1427-LAX',
27 silly registry.get     'x-cache': 'MISS',
27 silly registry.get     'x-cache-hits': '0',
27 silly registry.get     'x-timer': 'S1438664232.283301,VS0,VE307',
27 silly registry.get     vary: 'Accept' } ]
28 silly addNameRange number 2 { name: 'through2-map', range: '*', hasData: true }
29 silly addNameRange versions [ 'through2-map',
29 silly addNameRange   [ '1.0.0',
29 silly addNameRange     '1.0.1',
29 silly addNameRange     '1.0.2',
29 silly addNameRange     '1.1.0',
29 silly addNameRange     '1.2.0',
29 silly addNameRange     '1.2.1',
29 silly addNameRange     '1.3.0',
29 silly addNameRange     '1.4.0',
29 silly addNameRange     '2.0.0' ] ]
30 verbose addNamed [ 'through2-map', '2.0.0' ]
31 verbose addNamed [ '2.0.0', '2.0.0' ]
32 silly lockFile c100c9ba-through2-map-2-0-0 through2-map@2.0.0
33 verbose lock through2-map@2.0.0 /Users/Wesleu/.npm/c100c9ba-through2-map-2-0-0.lock
34 silly lockFile 878cf4f1-ough2-map-through2-map-2-0-0-tgz https://registry.npmjs.org/through2-map/-/through2-map-2.0.0.tgz
35 verbose lock https://registry.npmjs.org/through2-map/-/through2-map-2.0.0.tgz /Users/Wesleu/.npm/878cf4f1-ough2-map-through2-map-2-0-0-tgz.lock
36 verbose addRemoteTarball [ 'https://registry.npmjs.org/through2-map/-/through2-map-2.0.0.tgz',
36 verbose addRemoteTarball   '46984672e2c2d8a41e176f56fb575beb64d8ed7e' ]
37 info retry fetch attempt 1 at 21:57:14
38 verbose fetch to= /var/folders/6g/cyr1zh753754tq20893mb06w0000gn/T/npm-75075-nkNus5K6/registry.npmjs.org/through2-map/-/through2-map-2.0.0.tgz
39 http GET https://registry.npmjs.org/through2-map/-/through2-map-2.0.0.tgz
40 http 200 https://registry.npmjs.org/through2-map/-/through2-map-2.0.0.tgz
41 silly lockFile 878cf4f1-ough2-map-through2-map-2-0-0-tgz https://registry.npmjs.org/through2-map/-/through2-map-2.0.0.tgz
42 silly lockFile 878cf4f1-ough2-map-through2-map-2-0-0-tgz https://registry.npmjs.org/through2-map/-/through2-map-2.0.0.tgz
43 silly lockFile c100c9ba-through2-map-2-0-0 through2-map@2.0.0
44 silly lockFile c100c9ba-through2-map-2-0-0 through2-map@2.0.0
45 silly lockFile 13533bc5-through2-map through2-map@
46 silly lockFile 13533bc5-through2-map through2-map@
47 error Error: EACCES, mkdir '/Users/Wesleu/.npm/through2-map/2.0.0'
47 error  { [Error: EACCES, mkdir '/Users/Wesleu/.npm/through2-map/2.0.0']
47 error   errno: 3,
47 error   code: 'EACCES',
47 error   path: '/Users/Wesleu/.npm/through2-map/2.0.0' }
48 error Please try running this command again as root/Administrator.
49 error System Darwin 14.4.0
50 error command "/Users/Wesleu/.nvm/v0.10.33/bin/node" "/Users/Wesleu/.nvm/v0.10.33/bin/npm" "install" "through2-map"
51 error cwd /Users/Wesleu/lighthouse/07_week/learnyounode
52 error node -v v0.10.33
53 error npm -v 1.4.28
54 error path /Users/Wesleu/.npm/through2-map/2.0.0
55 error code EACCES
56 error errno 3
57 error stack Error: EACCES, mkdir '/Users/Wesleu/.npm/through2-map/2.0.0'
58 verbose exit [ 3, true ]
